2025-03-28 13:49:28 - common.model.function - INFO - 开始读取YAML文件: E:\Demo\软件测试\比赛准备\AutoTest\Demo_second\api_test\data\login_api_data.yaml
2025-03-28 13:49:28 - common.model.function - INFO - 成功读取YAML文件: E:\Demo\软件测试\比赛准备\AutoTest\Demo_second\api_test\data\login_api_data.yaml
2025-03-28 13:49:28 - common.model.function - INFO - 开始读取 CSV 文件: E:\Demo\软件测试\比赛准备\AutoTest\Demo_second\ui_test\data\ui_login_data.csv
2025-03-28 13:49:28 - common.model.function - INFO - 成功读取 CSV 文件: E:\Demo\软件测试\比赛准备\AutoTest\Demo_second\ui_test\data\ui_login_data.csv, 共 5 行
2025-03-28 13:49:28 - common.model.function - INFO - 开始读取YAML文件: common/config/api_config.yaml
2025-03-28 13:49:28 - common.model.function - INFO - 成功读取YAML文件: common/config/api_config.yaml
2025-03-28 13:49:28 - common.model.function - INFO - 开始读取YAML文件: common/config/api_config.yaml
2025-03-28 13:49:28 - common.model.function - INFO - 成功读取YAML文件: common/config/api_config.yaml
2025-03-28 13:49:28 - common.model.function - INFO - 开始读取YAML文件: E:\Demo\软件测试\比赛准备\AutoTest\Demo_second\api_test\data\login_api_data.yaml
2025-03-28 13:49:28 - common.model.function - INFO - 成功读取YAML文件: E:\Demo\软件测试\比赛准备\AutoTest\Demo_second\api_test\data\login_api_data.yaml
2025-03-28 13:49:29 - BaseApi - INFO - 开始登录，用户名: XTGLY
2025-03-28 13:49:29 - BaseApi - INFO - 请求URL: http://192.168.46.5:41805/prod-api/auth/login
2025-03-28 13:49:29 - BaseApi - INFO - 请求方法: POST
2025-03-28 13:49:29 - BaseApi - INFO - 请求参数: {"username": "XTGLY", "password": 123456, "roleId": 1}
2025-03-28 13:49:29 - BaseApi - INFO - 响应状态码: 200
2025-03-28 13:49:29 - BaseApi - INFO - 响应结果: {"code":200,"msg":null,"data":{"access_token":"2c29997d-4bda-4830-98f4-9ed61e509453","name":null,"photo":"","expires_in":43200}}
2025-03-28 13:49:29 - BaseApi - INFO - 开始登录，用户名: None
2025-03-28 13:49:29 - BaseApi - INFO - 请求URL: http://192.168.46.5:41805/prod-api/auth/login
2025-03-28 13:49:29 - BaseApi - INFO - 请求方法: POST
2025-03-28 13:49:29 - BaseApi - INFO - 请求参数: {"username": null, "password": "", "roleId": 1}
2025-03-28 13:49:29 - BaseApi - INFO - 响应状态码: 200
2025-03-28 13:49:29 - BaseApi - INFO - 响应结果: {"msg":"请输入用户名","code":500}
2025-03-28 13:49:29 - BaseApi - INFO - 开始登录，用户名: XTGLY
2025-03-28 13:49:29 - BaseApi - INFO - 请求URL: http://192.168.46.5:41805/prod-api/auth/login
2025-03-28 13:49:29 - BaseApi - INFO - 请求方法: POST
2025-03-28 13:49:29 - BaseApi - INFO - 请求参数: {"username": "XTGLY", "password": null, "roleId": 1}
2025-03-28 13:49:29 - BaseApi - INFO - 响应状态码: 200
2025-03-28 13:49:29 - BaseApi - INFO - 响应结果: {"msg":"请输入密码","code":500}
2025-03-28 13:49:29 - BaseApi - INFO - 开始登录，用户名: WangNing
2025-03-28 13:49:29 - BaseApi - INFO - 请求URL: http://192.168.46.5:41805/prod-api/auth/login
2025-03-28 13:49:29 - BaseApi - INFO - 请求方法: POST
2025-03-28 13:49:29 - BaseApi - INFO - 请求参数: {"username": "WangNing", "password": 123456, "roleId": 1}
2025-03-28 13:49:29 - BaseApi - INFO - 响应状态码: 200
2025-03-28 13:49:29 - BaseApi - INFO - 响应结果: {"msg":"登录账号不存在","code":500}
2025-03-28 13:49:29 - BaseApi - INFO - 开始登录，用户名: XTGLY
2025-03-28 13:49:29 - BaseApi - INFO - 请求URL: http://192.168.46.5:41805/prod-api/auth/login
2025-03-28 13:49:29 - BaseApi - INFO - 请求方法: POST
2025-03-28 13:49:29 - BaseApi - INFO - 请求参数: {"username": "XTGLY", "password": 123456789, "roleId": 1}
2025-03-28 13:49:29 - BaseApi - INFO - 响应状态码: 200
2025-03-28 13:49:29 - BaseApi - INFO - 响应结果: {"msg":"登录密码错误","code":500}
2025-03-28 13:49:29 - BaseApi - INFO - 开始登录，用户名: XTGLY
2025-03-28 13:49:29 - BaseApi - INFO - 请求URL: http://192.168.46.5:41805/prod-api/auth/login
2025-03-28 13:49:29 - BaseApi - INFO - 请求方法: POST
2025-03-28 13:49:29 - BaseApi - INFO - 请求参数: {"username": "XTGLY", "password": 123456, "roleId": 1}
2025-03-28 13:49:29 - BaseApi - INFO - 响应状态码: 200
2025-03-28 13:49:29 - BaseApi - INFO - 响应结果: {"code":200,"msg":null,"data":{"access_token":"03e5445b-cbaf-4b5d-882d-2c8d1a245ea4","name":null,"photo":"","expires_in":43200}}
2025-03-28 13:49:29 - BaseApi - INFO - 成功获取token{'access_token': '03e5445b-cbaf-4b5d-882d-2c8d1a245ea4', 'name': None, 'photo': '', 'expires_in': 43200}
2025-03-28 13:49:29 - test_ui_login - INFO - 开始登录测试
2025-03-28 13:49:29 - common.model.function - INFO - 开始读取 CSV 文件: E:\Demo\软件测试\比赛准备\AutoTest\Demo_second\ui_test\data\ui_login_data.csv
2025-03-28 13:49:29 - common.model.function - INFO - 成功读取 CSV 文件: E:\Demo\软件测试\比赛准备\AutoTest\Demo_second\ui_test\data\ui_login_data.csv, 共 5 行
2025-03-28 13:49:29 - test_ui_login - INFO - 加载测试数据: E:\Demo\软件测试\比赛准备\AutoTest\Demo_second\ui_test\data\ui_login_data.csv
2025-03-28 13:49:29 - test_ui_login - INFO - 初始化测试环境
2025-03-28 13:49:30 - common.model.function - INFO - 开始读取YAML文件: E:\Demo\软件测试\比赛准备\AutoTest\Demo_second\common\config\ui_config.yaml
2025-03-28 13:49:30 - common.model.function - INFO - 成功读取YAML文件: E:\Demo\软件测试\比赛准备\AutoTest\Demo_second\common\config\ui_config.yaml
2025-03-28 13:49:30 - ui_test.page.base_page - INFO - 打开网址: http://192.168.46.5:41805/login?redirect=%2Findex
2025-03-28 13:49:31 - test_ui_login - INFO - 开始测试有效登录
2025-03-28 13:49:31 - test_ui_login - INFO - 使用用户名: XTGLY 进行登录测试
2025-03-28 13:49:31 - ui_test.page.base_page - INFO - 输入用户名:XTGLY
2025-03-28 13:49:31 - ui_test.page.base_page - INFO - 输入密码:123456
2025-03-28 13:49:31 - ui_test.page.base_page - INFO - 点击元素: ('id', 'signIn')
2025-03-28 13:49:32 - test_ui_login - INFO - 有效登录测试完成
2025-03-28 13:49:32 - test_ui_login - INFO - 清理测试环境
2025-03-28 13:49:32 - ui_test.page.base_page - INFO - 关闭浏览器
2025-03-28 13:49:34 - test_ui_login - INFO - 初始化测试环境
2025-03-28 13:49:35 - common.model.function - INFO - 开始读取YAML文件: E:\Demo\软件测试\比赛准备\AutoTest\Demo_second\common\config\ui_config.yaml
2025-03-28 13:49:35 - common.model.function - INFO - 成功读取YAML文件: E:\Demo\软件测试\比赛准备\AutoTest\Demo_second\common\config\ui_config.yaml
2025-03-28 13:49:35 - ui_test.page.base_page - INFO - 打开网址: http://192.168.46.5:41805/login?redirect=%2Findex
2025-03-28 13:49:36 - test_ui_login - INFO - 开始测试无效登录
2025-03-28 13:49:36 - test_ui_login - INFO - 测试用例参数 - 用户名: XTGLY, 密码: wrong_password
2025-03-28 13:49:36 - ui_test.page.base_page - INFO - 输入用户名:XTGLY
2025-03-28 13:49:36 - ui_test.page.base_page - INFO - 输入密码:wrong_password
2025-03-28 13:49:36 - ui_test.page.base_page - INFO - 点击元素: ('id', 'signIn')
2025-03-28 13:49:37 - test_ui_login - INFO - 验证错误信息: 登录密码错误
2025-03-28 13:49:37 - test_ui_login - INFO - 清理测试环境
2025-03-28 13:49:37 - ui_test.page.base_page - INFO - 关闭浏览器
2025-03-28 13:49:39 - test_ui_login - INFO - 初始化测试环境
2025-03-28 13:49:41 - common.model.function - INFO - 开始读取YAML文件: E:\Demo\软件测试\比赛准备\AutoTest\Demo_second\common\config\ui_config.yaml
2025-03-28 13:49:41 - common.model.function - INFO - 成功读取YAML文件: E:\Demo\软件测试\比赛准备\AutoTest\Demo_second\common\config\ui_config.yaml
2025-03-28 13:49:41 - ui_test.page.base_page - INFO - 打开网址: http://192.168.46.5:41805/login?redirect=%2Findex
2025-03-28 13:49:41 - test_ui_login - INFO - 开始测试无效登录
2025-03-28 13:49:41 - test_ui_login - INFO - 测试用例参数 - 用户名: , 密码: 123456
2025-03-28 13:49:41 - ui_test.page.base_page - INFO - 输入用户名:
2025-03-28 13:49:41 - ui_test.page.base_page - INFO - 输入密码:123456
2025-03-28 13:49:41 - ui_test.page.base_page - INFO - 点击元素: ('id', 'signIn')
2025-03-28 13:49:42 - test_ui_login - INFO - 验证错误信息: 请输入用户名
2025-03-28 13:49:42 - test_ui_login - INFO - 清理测试环境
2025-03-28 13:49:42 - ui_test.page.base_page - INFO - 关闭浏览器
2025-03-28 13:49:44 - test_ui_login - INFO - 初始化测试环境
2025-03-28 13:49:46 - common.model.function - INFO - 开始读取YAML文件: E:\Demo\软件测试\比赛准备\AutoTest\Demo_second\common\config\ui_config.yaml
2025-03-28 13:49:50 - common.model.function - INFO - 成功读取YAML文件: E:\Demo\软件测试\比赛准备\AutoTest\Demo_second\common\config\ui_config.yaml
2025-03-28 13:49:50 - ui_test.page.base_page - INFO - 打开网址: http://192.168.46.5:41805/login?redirect=%2Findex
2025-03-28 13:49:50 - test_ui_login - INFO - 开始测试无效登录
2025-03-28 13:49:50 - test_ui_login - INFO - 测试用例参数 - 用户名: XTGLY, 密码: 
2025-03-28 13:49:50 - ui_test.page.base_page - INFO - 输入用户名:XTGLY
2025-03-28 13:49:50 - ui_test.page.base_page - INFO - 输入密码:
2025-03-28 13:49:50 - ui_test.page.base_page - INFO - 点击元素: ('id', 'signIn')
2025-03-28 13:49:51 - test_ui_login - INFO - 验证错误信息: 请输入密码
2025-03-28 13:49:51 - test_ui_login - INFO - 清理测试环境
2025-03-28 13:49:51 - ui_test.page.base_page - INFO - 关闭浏览器
2025-03-28 13:49:53 - test_ui_login - INFO - 初始化测试环境
2025-03-28 13:49:55 - common.model.function - INFO - 开始读取YAML文件: E:\Demo\软件测试\比赛准备\AutoTest\Demo_second\common\config\ui_config.yaml
2025-03-28 13:49:55 - common.model.function - INFO - 成功读取YAML文件: E:\Demo\软件测试\比赛准备\AutoTest\Demo_second\common\config\ui_config.yaml
2025-03-28 13:49:55 - ui_test.page.base_page - INFO - 打开网址: http://192.168.46.5:41805/login?redirect=%2Findex
2025-03-28 13:49:55 - test_ui_login - INFO - 开始测试无效登录
2025-03-28 13:49:55 - test_ui_login - INFO - 测试用例参数 - 用户名: WangNing, 密码: 123456
2025-03-28 13:49:55 - ui_test.page.base_page - INFO - 输入用户名:WangNing
2025-03-28 13:49:55 - ui_test.page.base_page - INFO - 输入密码:123456
2025-03-28 13:49:55 - ui_test.page.base_page - INFO - 点击元素: ('id', 'signIn')
2025-03-28 13:49:56 - test_ui_login - INFO - 验证错误信息: 登录账号不存在
2025-03-28 13:49:56 - test_ui_login - INFO - 清理测试环境
2025-03-28 13:49:56 - ui_test.page.base_page - INFO - 关闭浏览器
2025-03-28 13:49:59 - test_ui_login - INFO - 结束登录测试
